<?xml version="1.0" encoding="utf-8" standalone="no"?>
<test-results xmlns:xsi="http://www.w3.org/2001/XMLSchema-instance" xsi:noNamespaceSchemaLocation="nunit_schema_2.5.xsd" name="Pester" total="124" errors="0" failures="25" not-run="0" inconclusive="0" ignored="0" skipped="2" invalid="0" date="2025-12-07" time="16:02:04">
  <environment platform="Microsoft Windows 11 Pro|C:\WINDOWS|\Device\Harddisk0\Partition3" os-version="10.0.26200" clr-version="9.0.10" machine-name="DEV-MAIN" nunit-version="2.5.8.0" cwd="C:\syncthing\gabi_development\repositories\psTerminalPerfCounter\src\psTerminalPerfCounter\tests" user="devadmin" user-domain="DEV" />
  <culture-info current-culture="en-DE" current-uiculture="en-US" />
  <test-suite type="TestFixture" name="Pester" executed="True" result="Failure" success="False" time="3.1859" asserts="0" description="Pester">
    <results>
      <test-suite type="TestFixture" name="C:\syncthing\gabi_development\repositories\psTerminalPerfCounter\src\psTerminalPerfCounter\tests\help.tests.ps1" executed="True" result="Failure" success="False" time="2.5497" asserts="0" description="C:\syncthing\gabi_development\repositories\psTerminalPerfCounter\src\psTerminalPerfCounter\tests\help.tests.ps1">
        <results>
          <test-suite type="TestFixture" name="Test help for Add-tpcConfigPath" executed="True" result="Failure" success="False" time="0.4434" asserts="0" description="Test help for Add-tpcConfigPath">
            <results>
              <test-suite type="TestFixture" name="Test help for Add-tpcConfigPath.Parameter Force" executed="True" result="Success" success="True" time="0.2287" asserts="0" description="Test help for Add-tpcConfigPath.Parameter Force">
                <results>
                  <test-case description="Has description" name="Test help for Add-tpcConfigPath.Parameter Force.Has description" time="0.0145" asserts="0" success="True" result="Success" executed="True" />
                  <test-case description="Has correct [mandatory] value" name="Test help for Add-tpcConfigPath.Parameter Force.Has correct [mandatory] value" time="0.0268" asserts="0" success="True" result="Success" executed="True" />
                  <test-case description="Has correct parameter type" name="Test help for Add-tpcConfigPath.Parameter Force.Has correct parameter type" time="0.0088" asserts="0" success="True" result="Success" executed="True" />
                </results>
              </test-suite>
              <test-suite type="TestFixture" name="Test help for Add-tpcConfigPath.Parameter Path" executed="True" result="Success" success="True" time="0.2596" asserts="0" description="Test help for Add-tpcConfigPath.Parameter Path">
                <results>
                  <test-case description="Has description" name="Test help for Add-tpcConfigPath.Parameter Path.Has description" time="0.0094" asserts="0" success="True" result="Success" executed="True" />
                  <test-case description="Has correct [mandatory] value" name="Test help for Add-tpcConfigPath.Parameter Path.Has correct [mandatory] value" time="0.0066" asserts="0" success="True" result="Success" executed="True" />
                  <test-case description="Has correct parameter type" name="Test help for Add-tpcConfigPath.Parameter Path.Has correct parameter type" time="0.0046" asserts="0" success="True" result="Success" executed="True" />
                </results>
              </test-suite>
              <test-suite type="TestFixture" name="Test help for Add-tpcConfigPath.Parameter ProgressAction" executed="True" result="Failure" success="False" time="0.4244" asserts="0" description="Test help for Add-tpcConfigPath.Parameter ProgressAction">
                <results>
                  <test-case description="Has description" name="Test help for Add-tpcConfigPath.Parameter ProgressAction.Has description" time="0.1208" asserts="0" success="False" result="Failure" executed="True">
                    <failure>
                      <message>Expected a value, but got $null or empty.</message>
                      <stack-trace>at $parameterHelp.Description.Text | Should -Not -BeNullOrEmpty, C:\syncthing\gabi_development\repositories\psTerminalPerfCounter\src\psTerminalPerfCounter\tests\help.tests.ps1:95
at &lt;ScriptBlock&gt;, C:\syncthing\gabi_development\repositories\psTerminalPerfCounter\src\psTerminalPerfCounter\tests\help.tests.ps1:95</stack-trace>
                    </failure>
                  </test-case>
                  <test-case description="Has correct [mandatory] value" name="Test help for Add-tpcConfigPath.Parameter ProgressAction.Has correct [mandatory] value" time="0.0222" asserts="0" success="False" result="Failure" executed="True">
                    <failure>
                      <message>Expected 'False', but got $null.</message>
                      <stack-trace>at $parameterHelp.Required | Should -Be $codeMandatory, C:\syncthing\gabi_development\repositories\psTerminalPerfCounter\src\psTerminalPerfCounter\tests\help.tests.ps1:101
at &lt;ScriptBlock&gt;, C:\syncthing\gabi_development\repositories\psTerminalPerfCounter\src\psTerminalPerfCounter\tests\help.tests.ps1:101</stack-trace>
                    </failure>
                  </test-case>
                  <test-case description="Has correct parameter type" name="Test help for Add-tpcConfigPath.Parameter ProgressAction.Has correct parameter type" time="0.0136" asserts="0" success="False" result="Failure" executed="True">
                    <failure>
                      <message>Expected 'ActionPreference', but got $null.</message>
                      <stack-trace>at $parameterHelpType | Should -Be $parameter.ParameterType.Name, C:\syncthing\gabi_development\repositories\psTerminalPerfCounter\src\psTerminalPerfCounter\tests\help.tests.ps1:106
at &lt;ScriptBlock&gt;, C:\syncthing\gabi_development\repositories\psTerminalPerfCounter\src\psTerminalPerfCounter\tests\help.tests.ps1:106</stack-trace>
                    </failure>
                  </test-case>
                </results>
              </test-suite>
              <test-case description="Help is not auto-generated" name="Test help for Add-tpcConfigPath.Help is not auto-generated" time="0.1057" asserts="0" success="True" result="Success" executed="True" />
              <test-case description="Has description" name="Test help for Add-tpcConfigPath.Has description" time="0.0158" asserts="0" success="True" result="Success" executed="True" />
              <test-case description="Has example code" name="Test help for Add-tpcConfigPath.Has example code" time="0.0092" asserts="0" success="True" result="Success" executed="True" />
              <test-case description="Has example help" name="Test help for Add-tpcConfigPath.Has example help" time="0.0123" asserts="0" success="True" result="Success" executed="True" />
            </results>
          </test-suite>
          <test-suite type="TestFixture" name="Test help for Test-tpcAvailableCounterConfig" executed="True" result="Failure" success="False" time="0.6286" asserts="0" description="Test help for Test-tpcAvailableCounterConfig">
            <results>
              <test-suite type="TestFixture" name="Test help for Test-tpcAvailableCounterConfig.Parameter ProgressAction" executed="True" result="Failure" success="False" time="0.1061" asserts="0" description="Test help for Test-tpcAvailableCounterConfig.Parameter ProgressAction">
                <results>
                  <test-case description="Has description" name="Test help for Test-tpcAvailableCounterConfig.Parameter ProgressAction.Has description" time="0.0229" asserts="0" success="False" result="Failure" executed="True">
                    <failure>
                      <message>Expected a value, but got $null or empty.</message>
                      <stack-trace>at $parameterHelp.Description.Text | Should -Not -BeNullOrEmpty, C:\syncthing\gabi_development\repositories\psTerminalPerfCounter\src\psTerminalPerfCounter\tests\help.tests.ps1:95
at &lt;ScriptBlock&gt;, C:\syncthing\gabi_development\repositories\psTerminalPerfCounter\src\psTerminalPerfCounter\tests\help.tests.ps1:95</stack-trace>
                    </failure>
                  </test-case>
                  <test-case description="Has correct [mandatory] value" name="Test help for Test-tpcAvailableCounterConfig.Parameter ProgressAction.Has correct [mandatory] value" time="0.0213" asserts="0" success="False" result="Failure" executed="True">
                    <failure>
                      <message>Expected 'False', but got $null.</message>
                      <stack-trace>at $parameterHelp.Required | Should -Be $codeMandatory, C:\syncthing\gabi_development\repositories\psTerminalPerfCounter\src\psTerminalPerfCounter\tests\help.tests.ps1:101
at &lt;ScriptBlock&gt;, C:\syncthing\gabi_development\repositories\psTerminalPerfCounter\src\psTerminalPerfCounter\tests\help.tests.ps1:101</stack-trace>
                    </failure>
                  </test-case>
                  <test-case description="Has correct parameter type" name="Test help for Test-tpcAvailableCounterConfig.Parameter ProgressAction.Has correct parameter type" time="0.0287" asserts="0" success="False" result="Failure" executed="True">
                    <failure>
                      <message>Expected 'ActionPreference', but got $null.</message>
                      <stack-trace>at $parameterHelpType | Should -Be $parameter.ParameterType.Name, C:\syncthing\gabi_development\repositories\psTerminalPerfCounter\src\psTerminalPerfCounter\tests\help.tests.ps1:106
at &lt;ScriptBlock&gt;, C:\syncthing\gabi_development\repositories\psTerminalPerfCounter\src\psTerminalPerfCounter\tests\help.tests.ps1:106</stack-trace>
                    </failure>
                  </test-case>
                </results>
              </test-suite>
              <test-suite type="TestFixture" name="Test help for Test-tpcAvailableCounterConfig.Parameter Raw" executed="True" result="Success" success="True" time="0.135" asserts="0" description="Test help for Test-tpcAvailableCounterConfig.Parameter Raw">
                <results>
                  <test-case description="Has description" name="Test help for Test-tpcAvailableCounterConfig.Parameter Raw.Has description" time="0.0108" asserts="0" success="True" result="Success" executed="True" />
                  <test-case description="Has correct [mandatory] value" name="Test help for Test-tpcAvailableCounterConfig.Parameter Raw.Has correct [mandatory] value" time="0.0064" asserts="0" success="True" result="Success" executed="True" />
                  <test-case description="Has correct parameter type" name="Test help for Test-tpcAvailableCounterConfig.Parameter Raw.Has correct parameter type" time="0.0064" asserts="0" success="True" result="Success" executed="True" />
                </results>
              </test-suite>
              <test-suite type="TestFixture" name="Test help for Test-tpcAvailableCounterConfig.Parameter TestCounters" executed="True" result="Success" success="True" time="0.1672" asserts="0" description="Test help for Test-tpcAvailableCounterConfig.Parameter TestCounters">
                <results>
                  <test-case description="Has description" name="Test help for Test-tpcAvailableCounterConfig.Parameter TestCounters.Has description" time="0.0124" asserts="0" success="True" result="Success" executed="True" />
                  <test-case description="Has correct [mandatory] value" name="Test help for Test-tpcAvailableCounterConfig.Parameter TestCounters.Has correct [mandatory] value" time="0.0087" asserts="0" success="True" result="Success" executed="True" />
                  <test-case description="Has correct parameter type" name="Test help for Test-tpcAvailableCounterConfig.Parameter TestCounters.Has correct parameter type" time="0.0065" asserts="0" success="True" result="Success" executed="True" />
                </results>
              </test-suite>
              <test-case description="Help is not auto-generated" name="Test help for Test-tpcAvailableCounterConfig.Help is not auto-generated" time="0.01" asserts="0" success="True" result="Success" executed="True" />
              <test-case description="Has description" name="Test help for Test-tpcAvailableCounterConfig.Has description" time="0.0051" asserts="0" success="True" result="Success" executed="True" />
              <test-case description="Has example code" name="Test help for Test-tpcAvailableCounterConfig.Has example code" time="0.0051" asserts="0" success="True" result="Success" executed="True" />
              <test-case description="Has example help" name="Test help for Test-tpcAvailableCounterConfig.Has example help" time="0.0057" asserts="0" success="True" result="Success" executed="True" />
            </results>
          </test-suite>
          <test-suite type="TestFixture" name="Test help for Get-tpcConfigPaths" executed="True" result="Failure" success="False" time="0.8724" asserts="0" description="Test help for Get-tpcConfigPaths">
            <results>
              <test-suite type="TestFixture" name="Test help for Get-tpcConfigPaths.Parameter noDefault" executed="True" result="Success" success="True" time="0.14" asserts="0" description="Test help for Get-tpcConfigPaths.Parameter noDefault">
                <results>
                  <test-case description="Has description" name="Test help for Get-tpcConfigPaths.Parameter noDefault.Has description" time="0.0113" asserts="0" success="True" result="Success" executed="True" />
                  <test-case description="Has correct [mandatory] value" name="Test help for Get-tpcConfigPaths.Parameter noDefault.Has correct [mandatory] value" time="0.0071" asserts="0" success="True" result="Success" executed="True" />
                  <test-case description="Has correct parameter type" name="Test help for Get-tpcConfigPaths.Parameter noDefault.Has correct parameter type" time="0.0687" asserts="0" success="True" result="Success" executed="True" />
                </results>
              </test-suite>
              <test-suite type="TestFixture" name="Test help for Get-tpcConfigPaths.Parameter ProgressAction" executed="True" result="Failure" success="False" time="0.2338" asserts="0" description="Test help for Get-tpcConfigPaths.Parameter ProgressAction">
                <results>
                  <test-case description="Has description" name="Test help for Get-tpcConfigPaths.Parameter ProgressAction.Has description" time="0.0358" asserts="0" success="False" result="Failure" executed="True">
                    <failure>
                      <message>Expected a value, but got $null or empty.</message>
                      <stack-trace>at $parameterHelp.Description.Text | Should -Not -BeNullOrEmpty, C:\syncthing\gabi_development\repositories\psTerminalPerfCounter\src\psTerminalPerfCounter\tests\help.tests.ps1:95
at &lt;ScriptBlock&gt;, C:\syncthing\gabi_development\repositories\psTerminalPerfCounter\src\psTerminalPerfCounter\tests\help.tests.ps1:95</stack-trace>
                    </failure>
                  </test-case>
                  <test-case description="Has correct [mandatory] value" name="Test help for Get-tpcConfigPaths.Parameter ProgressAction.Has correct [mandatory] value" time="0.0144" asserts="0" success="False" result="Failure" executed="True">
                    <failure>
                      <message>Expected 'False', but got $null.</message>
                      <stack-trace>at $parameterHelp.Required | Should -Be $codeMandatory, C:\syncthing\gabi_development\repositories\psTerminalPerfCounter\src\psTerminalPerfCounter\tests\help.tests.ps1:101
at &lt;ScriptBlock&gt;, C:\syncthing\gabi_development\repositories\psTerminalPerfCounter\src\psTerminalPerfCounter\tests\help.tests.ps1:101</stack-trace>
                    </failure>
                  </test-case>
                  <test-case description="Has correct parameter type" name="Test help for Get-tpcConfigPaths.Parameter ProgressAction.Has correct parameter type" time="0.0357" asserts="0" success="False" result="Failure" executed="True">
                    <failure>
                      <message>Expected 'ActionPreference', but got $null.</message>
                      <stack-trace>at $parameterHelpType | Should -Be $parameter.ParameterType.Name, C:\syncthing\gabi_development\repositories\psTerminalPerfCounter\src\psTerminalPerfCounter\tests\help.tests.ps1:106
at &lt;ScriptBlock&gt;, C:\syncthing\gabi_development\repositories\psTerminalPerfCounter\src\psTerminalPerfCounter\tests\help.tests.ps1:106</stack-trace>
                    </failure>
                  </test-case>
                </results>
              </test-suite>
              <test-case description="Help is not auto-generated" name="Test help for Get-tpcConfigPaths.Help is not auto-generated" time="0.0198" asserts="0" success="True" result="Success" executed="True" />
              <test-case description="Has description" name="Test help for Get-tpcConfigPaths.Has description" time="0.0063" asserts="0" success="True" result="Success" executed="True" />
              <test-case description="Has example code" name="Test help for Get-tpcConfigPaths.Has example code" time="0.0055" asserts="0" success="True" result="Success" executed="True" />
              <test-case description="Has example help" name="Test help for Get-tpcConfigPaths.Has example help" time="0.0117" asserts="0" success="True" result="Success" executed="True" />
            </results>
          </test-suite>
          <test-suite type="TestFixture" name="Test help for Get-tpcPerformanceCounterInfo" executed="True" result="Failure" success="False" time="1.0202" asserts="0" description="Test help for Get-tpcPerformanceCounterInfo">
            <results>
              <test-suite type="TestFixture" name="Test help for Get-tpcPerformanceCounterInfo.Parameter ProgressAction" executed="True" result="Failure" success="False" time="0.0932" asserts="0" description="Test help for Get-tpcPerformanceCounterInfo.Parameter ProgressAction">
                <results>
                  <test-case description="Has description" name="Test help for Get-tpcPerformanceCounterInfo.Parameter ProgressAction.Has description" time="0.0232" asserts="0" success="False" result="Failure" executed="True">
                    <failure>
                      <message>Expected a value, but got $null or empty.</message>
                      <stack-trace>at $parameterHelp.Description.Text | Should -Not -BeNullOrEmpty, C:\syncthing\gabi_development\repositories\psTerminalPerfCounter\src\psTerminalPerfCounter\tests\help.tests.ps1:95
at &lt;ScriptBlock&gt;, C:\syncthing\gabi_development\repositories\psTerminalPerfCounter\src\psTerminalPerfCounter\tests\help.tests.ps1:95</stack-trace>
                    </failure>
                  </test-case>
                  <test-case description="Has correct [mandatory] value" name="Test help for Get-tpcPerformanceCounterInfo.Parameter ProgressAction.Has correct [mandatory] value" time="0.0159" asserts="0" success="False" result="Failure" executed="True">
                    <failure>
                      <message>Expected 'False', but got $null.</message>
                      <stack-trace>at $parameterHelp.Required | Should -Be $codeMandatory, C:\syncthing\gabi_development\repositories\psTerminalPerfCounter\src\psTerminalPerfCounter\tests\help.tests.ps1:101
at &lt;ScriptBlock&gt;, C:\syncthing\gabi_development\repositories\psTerminalPerfCounter\src\psTerminalPerfCounter\tests\help.tests.ps1:101</stack-trace>
                    </failure>
                  </test-case>
                  <test-case description="Has correct parameter type" name="Test help for Get-tpcPerformanceCounterInfo.Parameter ProgressAction.Has correct parameter type" time="0.0193" asserts="0" success="False" result="Failure" executed="True">
                    <failure>
                      <message>Expected 'ActionPreference', but got $null.</message>
                      <stack-trace>at $parameterHelpType | Should -Be $parameter.ParameterType.Name, C:\syncthing\gabi_development\repositories\psTerminalPerfCounter\src\psTerminalPerfCounter\tests\help.tests.ps1:106
at &lt;ScriptBlock&gt;, C:\syncthing\gabi_development\repositories\psTerminalPerfCounter\src\psTerminalPerfCounter\tests\help.tests.ps1:106</stack-trace>
                    </failure>
                  </test-case>
                </results>
              </test-suite>
              <test-suite type="TestFixture" name="Test help for Get-tpcPerformanceCounterInfo.Parameter SearchTerm" executed="True" result="Success" success="True" time="0.1354" asserts="0" description="Test help for Get-tpcPerformanceCounterInfo.Parameter SearchTerm">
                <results>
                  <test-case description="Has description" name="Test help for Get-tpcPerformanceCounterInfo.Parameter SearchTerm.Has description" time="0.0262" asserts="0" success="True" result="Success" executed="True" />
                  <test-case description="Has correct [mandatory] value" name="Test help for Get-tpcPerformanceCounterInfo.Parameter SearchTerm.Has correct [mandatory] value" time="0.0056" asserts="0" success="True" result="Success" executed="True" />
                  <test-case description="Has correct parameter type" name="Test help for Get-tpcPerformanceCounterInfo.Parameter SearchTerm.Has correct parameter type" time="0.0054" asserts="0" success="True" result="Success" executed="True" />
                </results>
              </test-suite>
              <test-case description="Help is not auto-generated" name="Test help for Get-tpcPerformanceCounterInfo.Help is not auto-generated" time="0.0127" asserts="0" success="True" result="Success" executed="True" />
              <test-case description="Has description" name="Test help for Get-tpcPerformanceCounterInfo.Has description" time="0.0059" asserts="0" success="True" result="Success" executed="True" />
              <test-case description="Has example code" name="Test help for Get-tpcPerformanceCounterInfo.Has example code" time="0.0051" asserts="0" success="True" result="Success" executed="True" />
              <test-case description="Has example help" name="Test help for Get-tpcPerformanceCounterInfo.Has example help" time="0.0053" asserts="0" success="True" result="Success" executed="True" />
            </results>
          </test-suite>
          <test-suite type="TestFixture" name="Test help for Remove-tpcConfigPath" executed="True" result="Failure" success="False" time="1.1381" asserts="0" description="Test help for Remove-tpcConfigPath">
            <results>
              <test-suite type="TestFixture" name="Test help for Remove-tpcConfigPath.Parameter All" executed="True" result="Success" success="True" time="0.06" asserts="0" description="Test help for Remove-tpcConfigPath.Parameter All">
                <results>
                  <test-case description="Has description" name="Test help for Remove-tpcConfigPath.Parameter All.Has description" time="0.01" asserts="0" success="True" result="Success" executed="True" />
                  <test-case description="Has correct [mandatory] value" name="Test help for Remove-tpcConfigPath.Parameter All.Has correct [mandatory] value" time="0.0077" asserts="0" success="True" result="Success" executed="True" />
                  <test-case description="Has correct parameter type" name="Test help for Remove-tpcConfigPath.Parameter All.Has correct parameter type" time="0.0065" asserts="0" success="True" result="Success" executed="True" />
                </results>
              </test-suite>
              <test-suite type="TestFixture" name="Test help for Remove-tpcConfigPath.Parameter ProgressAction" executed="True" result="Failure" success="False" time="0.1084" asserts="0" description="Test help for Remove-tpcConfigPath.Parameter ProgressAction">
                <results>
                  <test-case description="Has description" name="Test help for Remove-tpcConfigPath.Parameter ProgressAction.Has description" time="0.0121" asserts="0" success="False" result="Failure" executed="True">
                    <failure>
                      <message>Expected a value, but got $null or empty.</message>
                      <stack-trace>at $parameterHelp.Description.Text | Should -Not -BeNullOrEmpty, C:\syncthing\gabi_development\repositories\psTerminalPerfCounter\src\psTerminalPerfCounter\tests\help.tests.ps1:95
at &lt;ScriptBlock&gt;, C:\syncthing\gabi_development\repositories\psTerminalPerfCounter\src\psTerminalPerfCounter\tests\help.tests.ps1:95</stack-trace>
                    </failure>
                  </test-case>
                  <test-case description="Has correct [mandatory] value" name="Test help for Remove-tpcConfigPath.Parameter ProgressAction.Has correct [mandatory] value" time="0.0191" asserts="0" success="False" result="Failure" executed="True">
                    <failure>
                      <message>Expected 'False', but got $null.</message>
                      <stack-trace>at $parameterHelp.Required | Should -Be $codeMandatory, C:\syncthing\gabi_development\repositories\psTerminalPerfCounter\src\psTerminalPerfCounter\tests\help.tests.ps1:101
at &lt;ScriptBlock&gt;, C:\syncthing\gabi_development\repositories\psTerminalPerfCounter\src\psTerminalPerfCounter\tests\help.tests.ps1:101</stack-trace>
                    </failure>
                  </test-case>
                  <test-case description="Has correct parameter type" name="Test help for Remove-tpcConfigPath.Parameter ProgressAction.Has correct parameter type" time="0.0123" asserts="0" success="False" result="Failure" executed="True">
                    <failure>
                      <message>Expected 'ActionPreference', but got $null.</message>
                      <stack-trace>at $parameterHelpType | Should -Be $parameter.ParameterType.Name, C:\syncthing\gabi_development\repositories\psTerminalPerfCounter\src\psTerminalPerfCounter\tests\help.tests.ps1:106
at &lt;ScriptBlock&gt;, C:\syncthing\gabi_development\repositories\psTerminalPerfCounter\src\psTerminalPerfCounter\tests\help.tests.ps1:106</stack-trace>
                    </failure>
                  </test-case>
                </results>
              </test-suite>
              <test-case description="Help is not auto-generated" name="Test help for Remove-tpcConfigPath.Help is not auto-generated" time="0.0134" asserts="0" success="True" result="Success" executed="True" />
              <test-case description="Has description" name="Test help for Remove-tpcConfigPath.Has description" time="0.0066" asserts="0" success="True" result="Success" executed="True" />
              <test-case description="Has example code" name="Test help for Remove-tpcConfigPath.Has example code" time="0.0053" asserts="0" success="True" result="Success" executed="True" />
              <test-case description="Has example help" name="Test help for Remove-tpcConfigPath.Has example help" time="0.0052" asserts="0" success="True" result="Success" executed="True" />
            </results>
          </test-suite>
          <test-suite type="TestFixture" name="Test help for Start-tpcEnvironmentMonitor" executed="True" result="Failure" success="False" time="1.3443" asserts="0" description="Test help for Start-tpcEnvironmentMonitor">
            <results>
              <test-suite type="TestFixture" name="Test help for Start-tpcEnvironmentMonitor.Parameter ConfigPath" executed="True" result="Success" success="True" time="0.0911" asserts="0" description="Test help for Start-tpcEnvironmentMonitor.Parameter ConfigPath">
                <results>
                  <test-case description="Has description" name="Test help for Start-tpcEnvironmentMonitor.Parameter ConfigPath.Has description" time="0.016" asserts="0" success="True" result="Success" executed="True" />
                  <test-case description="Has correct [mandatory] value" name="Test help for Start-tpcEnvironmentMonitor.Parameter ConfigPath.Has correct [mandatory] value" time="0.0065" asserts="0" success="True" result="Success" executed="True" />
                  <test-case description="Has correct parameter type" name="Test help for Start-tpcEnvironmentMonitor.Parameter ConfigPath.Has correct parameter type" time="0.0078" asserts="0" success="True" result="Success" executed="True" />
                </results>
              </test-suite>
              <test-suite type="TestFixture" name="Test help for Start-tpcEnvironmentMonitor.Parameter ProgressAction" executed="True" result="Failure" success="False" time="0.1676" asserts="0" description="Test help for Start-tpcEnvironmentMonitor.Parameter ProgressAction">
                <results>
                  <test-case description="Has description" name="Test help for Start-tpcEnvironmentMonitor.Parameter ProgressAction.Has description" time="0.028" asserts="0" success="False" result="Failure" executed="True">
                    <failure>
                      <message>Expected a value, but got $null or empty.</message>
                      <stack-trace>at $parameterHelp.Description.Text | Should -Not -BeNullOrEmpty, C:\syncthing\gabi_development\repositories\psTerminalPerfCounter\src\psTerminalPerfCounter\tests\help.tests.ps1:95
at &lt;ScriptBlock&gt;, C:\syncthing\gabi_development\repositories\psTerminalPerfCounter\src\psTerminalPerfCounter\tests\help.tests.ps1:95</stack-trace>
                    </failure>
                  </test-case>
                  <test-case description="Has correct [mandatory] value" name="Test help for Start-tpcEnvironmentMonitor.Parameter ProgressAction.Has correct [mandatory] value" time="0.0215" asserts="0" success="False" result="Failure" executed="True">
                    <failure>
                      <message>Expected 'False', but got $null.</message>
                      <stack-trace>at $parameterHelp.Required | Should -Be $codeMandatory, C:\syncthing\gabi_development\repositories\psTerminalPerfCounter\src\psTerminalPerfCounter\tests\help.tests.ps1:101
at &lt;ScriptBlock&gt;, C:\syncthing\gabi_development\repositories\psTerminalPerfCounter\src\psTerminalPerfCounter\tests\help.tests.ps1:101</stack-trace>
                    </failure>
                  </test-case>
                  <test-case description="Has correct parameter type" name="Test help for Start-tpcEnvironmentMonitor.Parameter ProgressAction.Has correct parameter type" time="0.0195" asserts="0" success="False" result="Failure" executed="True">
                    <failure>
                      <message>Expected 'ActionPreference', but got $null.</message>
                      <stack-trace>at $parameterHelpType | Should -Be $parameter.ParameterType.Name, C:\syncthing\gabi_development\repositories\psTerminalPerfCounter\src\psTerminalPerfCounter\tests\help.tests.ps1:106
at &lt;ScriptBlock&gt;, C:\syncthing\gabi_development\repositories\psTerminalPerfCounter\src\psTerminalPerfCounter\tests\help.tests.ps1:106</stack-trace>
                    </failure>
                  </test-case>
                </results>
              </test-suite>
              <test-suite type="TestFixture" name="Test help for Start-tpcEnvironmentMonitor.Parameter UpdateInterval" executed="True" result="Success" success="True" time="0.1952" asserts="0" description="Test help for Start-tpcEnvironmentMonitor.Parameter UpdateInterval">
                <results>
                  <test-case description="Has description" name="Test help for Start-tpcEnvironmentMonitor.Parameter UpdateInterval.Has description" time="0.0113" asserts="0" success="True" result="Success" executed="True" />
                  <test-case description="Has correct [mandatory] value" name="Test help for Start-tpcEnvironmentMonitor.Parameter UpdateInterval.Has correct [mandatory] value" time="0.0058" asserts="0" success="True" result="Success" executed="True" />
                  <test-case description="Has correct parameter type" name="Test help for Start-tpcEnvironmentMonitor.Parameter UpdateInterval.Has correct parameter type" time="0.0055" asserts="0" success="True" result="Success" executed="True" />
                </results>
              </test-suite>
              <test-case description="Help is not auto-generated" name="Test help for Start-tpcEnvironmentMonitor.Help is not auto-generated" time="0.0229" asserts="0" success="True" result="Success" executed="True" />
              <test-case description="Has description" name="Test help for Start-tpcEnvironmentMonitor.Has description" time="0.0055" asserts="0" success="True" result="Success" executed="True" />
              <test-case description="Has example code" name="Test help for Start-tpcEnvironmentMonitor.Has example code" time="0.0074" asserts="0" success="True" result="Success" executed="True" />
              <test-case description="Has example help" name="Test help for Start-tpcEnvironmentMonitor.Has example help" time="0.0073" asserts="0" success="True" result="Success" executed="True" />
            </results>
          </test-suite>
          <test-suite type="TestFixture" name="Test help for Start-tpcMonitor" executed="True" result="Failure" success="False" time="1.5844" asserts="0" description="Test help for Start-tpcMonitor">
            <results>
              <test-suite type="TestFixture" name="Test help for Start-tpcMonitor.Parameter ComputerName" executed="True" result="Success" success="True" time="0.0564" asserts="0" description="Test help for Start-tpcMonitor.Parameter ComputerName">
                <results>
                  <test-case description="Has description" name="Test help for Start-tpcMonitor.Parameter ComputerName.Has description" time="0.0097" asserts="0" success="True" result="Success" executed="True" />
                  <test-case description="Has correct [mandatory] value" name="Test help for Start-tpcMonitor.Parameter ComputerName.Has correct [mandatory] value" time="0.0082" asserts="0" success="True" result="Success" executed="True" />
                  <test-case description="Has correct parameter type" name="Test help for Start-tpcMonitor.Parameter ComputerName.Has correct parameter type" time="0.006" asserts="0" success="True" result="Success" executed="True" />
                </results>
              </test-suite>
              <test-suite type="TestFixture" name="Test help for Start-tpcMonitor.Parameter ConfigName" executed="True" result="Success" success="True" time="0.0886" asserts="0" description="Test help for Start-tpcMonitor.Parameter ConfigName">
                <results>
                  <test-case description="Has description" name="Test help for Start-tpcMonitor.Parameter ConfigName.Has description" time="0.0081" asserts="0" success="True" result="Success" executed="True" />
                  <test-case description="Has correct [mandatory] value" name="Test help for Start-tpcMonitor.Parameter ConfigName.Has correct [mandatory] value" time="0.0072" asserts="0" success="True" result="Success" executed="True" />
                  <test-case description="Has correct parameter type" name="Test help for Start-tpcMonitor.Parameter ConfigName.Has correct parameter type" time="0.0101" asserts="0" success="True" result="Success" executed="True" />
                </results>
              </test-suite>
              <test-suite type="TestFixture" name="Test help for Start-tpcMonitor.Parameter ConfigPath" executed="True" result="Success" success="True" time="0.1182" asserts="0" description="Test help for Start-tpcMonitor.Parameter ConfigPath">
                <results>
                  <test-case description="Has description" name="Test help for Start-tpcMonitor.Parameter ConfigPath.Has description" time="0.0135" asserts="0" success="True" result="Success" executed="True" />
                  <test-case description="Has correct [mandatory] value" name="Test help for Start-tpcMonitor.Parameter ConfigPath.Has correct [mandatory] value" time="0.0055" asserts="0" success="True" result="Success" executed="True" />
                  <test-case description="Has correct parameter type" name="Test help for Start-tpcMonitor.Parameter ConfigPath.Has correct parameter type" time="0.0053" asserts="0" success="True" result="Success" executed="True" />
                </results>
              </test-suite>
              <test-suite type="TestFixture" name="Test help for Start-tpcMonitor.Parameter Credential" executed="True" result="Success" success="True" time="0.1462" asserts="0" description="Test help for Start-tpcMonitor.Parameter Credential">
                <results>
                  <test-case description="Has description" name="Test help for Start-tpcMonitor.Parameter Credential.Has description" time="0.006" asserts="0" success="True" result="Success" executed="True" />
                  <test-case description="Has correct [mandatory] value" name="Test help for Start-tpcMonitor.Parameter Credential.Has correct [mandatory] value" time="0.0098" asserts="0" success="True" result="Success" executed="True" />
                  <test-case description="Has correct parameter type" name="Test help for Start-tpcMonitor.Parameter Credential.Has correct parameter type" time="0.0065" asserts="0" success="True" result="Success" executed="True" />
                </results>
              </test-suite>
              <test-suite type="TestFixture" name="Test help for Start-tpcMonitor.Parameter ProgressAction" executed="True" result="Failure" success="False" time="0.1985" asserts="0" description="Test help for Start-tpcMonitor.Parameter ProgressAction">
                <results>
                  <test-case description="Has description" name="Test help for Start-tpcMonitor.Parameter ProgressAction.Has description" time="0.0182" asserts="0" success="False" result="Failure" executed="True">
                    <failure>
                      <message>Expected a value, but got $null or empty.</message>
                      <stack-trace>at $parameterHelp.Description.Text | Should -Not -BeNullOrEmpty, C:\syncthing\gabi_development\repositories\psTerminalPerfCounter\src\psTerminalPerfCounter\tests\help.tests.ps1:95
at &lt;ScriptBlock&gt;, C:\syncthing\gabi_development\repositories\psTerminalPerfCounter\src\psTerminalPerfCounter\tests\help.tests.ps1:95</stack-trace>
                    </failure>
                  </test-case>
                  <test-case description="Has correct [mandatory] value" name="Test help for Start-tpcMonitor.Parameter ProgressAction.Has correct [mandatory] value" time="0.012" asserts="0" success="False" result="Failure" executed="True">
                    <failure>
                      <message>Expected 'False', but got $null.</message>
                      <stack-trace>at $parameterHelp.Required | Should -Be $codeMandatory, C:\syncthing\gabi_development\repositories\psTerminalPerfCounter\src\psTerminalPerfCounter\tests\help.tests.ps1:101
at &lt;ScriptBlock&gt;, C:\syncthing\gabi_development\repositories\psTerminalPerfCounter\src\psTerminalPerfCounter\tests\help.tests.ps1:101</stack-trace>
                    </failure>
                  </test-case>
                  <test-case description="Has correct parameter type" name="Test help for Start-tpcMonitor.Parameter ProgressAction.Has correct parameter type" time="0.017" asserts="0" success="False" result="Failure" executed="True">
                    <failure>
                      <message>Expected 'ActionPreference', but got $null.</message>
                      <stack-trace>at $parameterHelpType | Should -Be $parameter.ParameterType.Name, C:\syncthing\gabi_development\repositories\psTerminalPerfCounter\src\psTerminalPerfCounter\tests\help.tests.ps1:106
at &lt;ScriptBlock&gt;, C:\syncthing\gabi_development\repositories\psTerminalPerfCounter\src\psTerminalPerfCounter\tests\help.tests.ps1:106</stack-trace>
                    </failure>
                  </test-case>
                </results>
              </test-suite>
              <test-suite type="TestFixture" name="Test help for Start-tpcMonitor.Parameter UpdateInterval" executed="True" result="Success" success="True" time="0.2254" asserts="0" description="Test help for Start-tpcMonitor.Parameter UpdateInterval">
                <results>
                  <test-case description="Has description" name="Test help for Start-tpcMonitor.Parameter UpdateInterval.Has description" time="0.0086" asserts="0" success="True" result="Success" executed="True" />
                  <test-case description="Has correct [mandatory] value" name="Test help for Start-tpcMonitor.Parameter UpdateInterval.Has correct [mandatory] value" time="0.0069" asserts="0" success="True" result="Success" executed="True" />
                  <test-case description="Has correct parameter type" name="Test help for Start-tpcMonitor.Parameter UpdateInterval.Has correct parameter type" time="0.0054" asserts="0" success="True" result="Success" executed="True" />
                </results>
              </test-suite>
              <test-case description="Help is not auto-generated" name="Test help for Start-tpcMonitor.Help is not auto-generated" time="0.0095" asserts="0" success="True" result="Success" executed="True" />
              <test-case description="Has description" name="Test help for Start-tpcMonitor.Has description" time="0.0047" asserts="0" success="True" result="Success" executed="True" />
              <test-case description="Has example code" name="Test help for Start-tpcMonitor.Has example code" time="0.0063" asserts="0" success="True" result="Success" executed="True" />
              <test-case description="Has example help" name="Test help for Start-tpcMonitor.Has example help" time="0.0068" asserts="0" success="True" result="Success" executed="True" />
            </results>
          </test-suite>
          <test-suite type="TestFixture" name="Test help for Test-tpcServerConfiguration" executed="True" result="Failure" success="False" time="1.9444" asserts="0" description="Test help for Test-tpcServerConfiguration">
            <results>
              <test-suite type="TestFixture" name="Test help for Test-tpcServerConfiguration.Parameter ComputerName" executed="True" result="Success" success="True" time="0.08" asserts="0" description="Test help for Test-tpcServerConfiguration.Parameter ComputerName">
                <results>
                  <test-case description="Has description" name="Test help for Test-tpcServerConfiguration.Parameter ComputerName.Has description" time="0.0217" asserts="0" success="True" result="Success" executed="True" />
                  <test-case description="Has correct [mandatory] value" name="Test help for Test-tpcServerConfiguration.Parameter ComputerName.Has correct [mandatory] value" time="0.0099" asserts="0" success="True" result="Success" executed="True" />
                  <test-case description="Has correct parameter type" name="Test help for Test-tpcServerConfiguration.Parameter ComputerName.Has correct parameter type" time="0.0056" asserts="0" success="True" result="Success" executed="True" />
                </results>
              </test-suite>
              <test-suite type="TestFixture" name="Test help for Test-tpcServerConfiguration.Parameter ConfigName" executed="True" result="Success" success="True" time="0.1547" asserts="0" description="Test help for Test-tpcServerConfiguration.Parameter ConfigName">
                <results>
                  <test-case description="Has description" name="Test help for Test-tpcServerConfiguration.Parameter ConfigName.Has description" time="0.0364" asserts="0" success="True" result="Success" executed="True" />
                  <test-case description="Has correct [mandatory] value" name="Test help for Test-tpcServerConfiguration.Parameter ConfigName.Has correct [mandatory] value" time="0.0064" asserts="0" success="True" result="Success" executed="True" />
                  <test-case description="Has correct parameter type" name="Test help for Test-tpcServerConfiguration.Parameter ConfigName.Has correct parameter type" time="0.0255" asserts="0" success="True" result="Success" executed="True" />
                </results>
              </test-suite>
              <test-suite type="TestFixture" name="Test help for Test-tpcServerConfiguration.Parameter Credential" executed="True" result="Success" success="True" time="0.2101" asserts="0" description="Test help for Test-tpcServerConfiguration.Parameter Credential">
                <results>
                  <test-case description="Has description" name="Test help for Test-tpcServerConfiguration.Parameter Credential.Has description" time="0.0373" asserts="0" success="True" result="Success" executed="True" />
                  <test-case description="Has correct [mandatory] value" name="Test help for Test-tpcServerConfiguration.Parameter Credential.Has correct [mandatory] value" time="0.0071" asserts="0" success="True" result="Success" executed="True" />
                  <test-case description="Has correct parameter type" name="Test help for Test-tpcServerConfiguration.Parameter Credential.Has correct parameter type" time="0.0055" asserts="0" success="True" result="Success" executed="True" />
                </results>
              </test-suite>
              <test-suite type="TestFixture" name="Test help for Test-tpcServerConfiguration.Parameter Iterations" executed="True" result="Success" success="True" time="0.2728" asserts="0" description="Test help for Test-tpcServerConfiguration.Parameter Iterations">
                <results>
                  <test-case description="Has description" name="Test help for Test-tpcServerConfiguration.Parameter Iterations.Has description" time="0.0221" asserts="0" success="True" result="Success" executed="True" />
                  <test-case description="Has correct [mandatory] value" name="Test help for Test-tpcServerConfiguration.Parameter Iterations.Has correct [mandatory] value" time="0.0076" asserts="0" success="True" result="Success" executed="True" />
                  <test-case description="Has correct parameter type" name="Test help for Test-tpcServerConfiguration.Parameter Iterations.Has correct parameter type" time="0.0253" asserts="0" success="True" result="Success" executed="True" />
                </results>
              </test-suite>
              <test-suite type="TestFixture" name="Test help for Test-tpcServerConfiguration.Parameter ProgressAction" executed="True" result="Failure" success="False" time="0.3381" asserts="0" description="Test help for Test-tpcServerConfiguration.Parameter ProgressAction">
                <results>
                  <test-case description="Has description" name="Test help for Test-tpcServerConfiguration.Parameter ProgressAction.Has description" time="0.031" asserts="0" success="False" result="Failure" executed="True">
                    <failure>
                      <message>Expected a value, but got $null or empty.</message>
                      <stack-trace>at $parameterHelp.Description.Text | Should -Not -BeNullOrEmpty, C:\syncthing\gabi_development\repositories\psTerminalPerfCounter\src\psTerminalPerfCounter\tests\help.tests.ps1:95
at &lt;ScriptBlock&gt;, C:\syncthing\gabi_development\repositories\psTerminalPerfCounter\src\psTerminalPerfCounter\tests\help.tests.ps1:95</stack-trace>
                    </failure>
                  </test-case>
                  <test-case description="Has correct [mandatory] value" name="Test help for Test-tpcServerConfiguration.Parameter ProgressAction.Has correct [mandatory] value" time="0.0102" asserts="0" success="False" result="Failure" executed="True">
                    <failure>
                      <message>Expected 'False', but got $null.</message>
                      <stack-trace>at $parameterHelp.Required | Should -Be $codeMandatory, C:\syncthing\gabi_development\repositories\psTerminalPerfCounter\src\psTerminalPerfCounter\tests\help.tests.ps1:101
at &lt;ScriptBlock&gt;, C:\syncthing\gabi_development\repositories\psTerminalPerfCounter\src\psTerminalPerfCounter\tests\help.tests.ps1:101</stack-trace>
                    </failure>
                  </test-case>
                  <test-case description="Has correct parameter type" name="Test help for Test-tpcServerConfiguration.Parameter ProgressAction.Has correct parameter type" time="0.0192" asserts="0" success="False" result="Failure" executed="True">
                    <failure>
                      <message>Expected 'ActionPreference', but got $null.</message>
                      <stack-trace>at $parameterHelpType | Should -Be $parameter.ParameterType.Name, C:\syncthing\gabi_development\repositories\psTerminalPerfCounter\src\psTerminalPerfCounter\tests\help.tests.ps1:106
at &lt;ScriptBlock&gt;, C:\syncthing\gabi_development\repositories\psTerminalPerfCounter\src\psTerminalPerfCounter\tests\help.tests.ps1:106</stack-trace>
                    </failure>
                  </test-case>
                </results>
              </test-suite>
              <test-case description="Help is not auto-generated" name="Test help for Test-tpcServerConfiguration.Help is not auto-generated" time="0.0093" asserts="0" success="True" result="Success" executed="True" />
              <test-case description="Has description" name="Test help for Test-tpcServerConfiguration.Has description" time="0.0135" asserts="0" success="True" result="Success" executed="True" />
              <test-case description="Has example code" name="Test help for Test-tpcServerConfiguration.Has example code" time="0.0091" asserts="0" success="True" result="Success" executed="True" />
              <test-case description="Has example help" name="Test help for Test-tpcServerConfiguration.Has example help" time="0.0056" asserts="0" success="True" result="Success" executed="True" />
            </results>
          </test-suite>
        </results>
      </test-suite>
      <test-suite type="TestFixture" name="C:\syncthing\gabi_development\repositories\psTerminalPerfCounter\src\psTerminalPerfCounter\tests\Manifest.tests.ps1" executed="True" result="Failure" success="False" time="0.3043" asserts="0" description="C:\syncthing\gabi_development\repositories\psTerminalPerfCounter\src\psTerminalPerfCounter\tests\Manifest.tests.ps1">
        <results>
          <test-suite type="TestFixture" name="Module manifest" executed="True" result="Failure" success="False" time="0.1133" asserts="0" description="Module manifest">
            <results>
              <test-suite type="TestFixture" name="Module manifest.Validation" executed="True" result="Failure" success="False" time="0.1098" asserts="0" description="Module manifest.Validation">
                <results>
                  <test-case description="Has a valid manifest" name="Module manifest.Validation.Has a valid manifest" time="0.0117" asserts="0" success="True" result="Success" executed="True" />
                  <test-case description="Has a valid name in the manifest" name="Module manifest.Validation.Has a valid name in the manifest" time="0.0064" asserts="0" success="True" result="Success" executed="True" />
                  <test-case description="Has a valid root module" name="Module manifest.Validation.Has a valid root module" time="0.0093" asserts="0" success="True" result="Success" executed="True" />
                  <test-case description="Has a valid version in the manifest" name="Module manifest.Validation.Has a valid version in the manifest" time="0.0087" asserts="0" success="True" result="Success" executed="True" />
                  <test-case description="Has a valid description" name="Module manifest.Validation.Has a valid description" time="0.0074" asserts="0" success="True" result="Success" executed="True" />
                  <test-case description="Has a valid author" name="Module manifest.Validation.Has a valid author" time="0.0064" asserts="0" success="True" result="Success" executed="True" />
                  <test-case description="Has a valid guid" name="Module manifest.Validation.Has a valid guid" time="0.0191" asserts="0" success="True" result="Success" executed="True" />
                  <test-case description="Has a valid copyright" name="Module manifest.Validation.Has a valid copyright" time="0.0071" asserts="0" success="True" result="Success" executed="True" />
                  <test-case description="Has a valid version in the changelog" name="Module manifest.Validation.Has a valid version in the changelog" time="0.0073" asserts="0" success="True" result="Success" executed="True" />
                  <test-case description="Changelog and manifest versions are the same" name="Module manifest.Validation.Changelog and manifest versions are the same" time="0.0217" asserts="0" success="False" result="Failure" executed="True">
                    <failure>
                      <message>Expected 0.3.0, but got 0.2.0.</message>
                      <stack-trace>at $changelogVersion -as [Version] | Should -Be ( $manifestData.Version -as [Version] ), C:\syncthing\gabi_development\repositories\psTerminalPerfCounter\src\psTerminalPerfCounter\tests\Manifest.tests.ps1:67
at &lt;ScriptBlock&gt;, C:\syncthing\gabi_development\repositories\psTerminalPerfCounter\src\psTerminalPerfCounter\tests\Manifest.tests.ps1:67</stack-trace>
                    </failure>
                  </test-case>
                </results>
              </test-suite>
            </results>
          </test-suite>
          <test-suite type="TestFixture" name="Git tagging" executed="True" result="Ignored" success="True" time="0.1311" asserts="0" description="Git tagging">
            <results>
              <test-case description="Is tagged with a valid version" name="Git tagging.Is tagged with a valid version" time="0.0085" asserts="0" success="False" result="Ignored" executed="False" />
              <test-case description="Matches manifest version" name="Git tagging.Matches manifest version" time="0.0047" asserts="0" success="False" result="Ignored" executed="False" />
            </results>
          </test-suite>
        </results>
      </test-suite>
      <test-suite type="TestFixture" name="C:\syncthing\gabi_development\repositories\psTerminalPerfCounter\src\psTerminalPerfCounter\tests\Meta.tests.ps1" executed="True" result="Success" success="True" time="0.3319" asserts="0" description="C:\syncthing\gabi_development\repositories\psTerminalPerfCounter\src\psTerminalPerfCounter\tests\Meta.tests.ps1">
        <results>
          <test-suite type="TestFixture" name="Text files formatting" executed="True" result="Success" success="True" time="0.0457" asserts="0" description="Text files formatting">
            <results>
              <test-suite type="TestFixture" name="Text files formatting.File encoding" executed="True" result="Success" success="True" time="0.0127" asserts="0" description="Text files formatting.File encoding">
                <results>
                  <test-case description="No text file uses Unicode/UTF-16 encoding" name="Text files formatting.File encoding.No text file uses Unicode/UTF-16 encoding" time="0.0091" asserts="0" success="True" result="Success" executed="True" />
                </results>
              </test-suite>
              <test-suite type="TestFixture" name="Text files formatting.Indentations" executed="True" result="Success" success="True" time="0.0418" asserts="0" description="Text files formatting.Indentations">
                <results>
                  <test-case description="No text file use tabs for indentations" name="Text files formatting.Indentations.No text file use tabs for indentations" time="0.0242" asserts="0" success="True" result="Success" executed="True" />
                </results>
              </test-suite>
            </results>
          </test-suite>
        </results>
      </test-suite>
    </results>
  </test-suite>
</test-results>